13:55:15,242 INFO  ConfigReader: Source = ID: dbpedia
Var: ?a
Prefixes: {lgdp=http://linkedgeodata.org/property/, lgdo=http://linkedgeodata.org/ontology/, rdfs=http://www.w3.org/2000/01/rdf-schema#, dbpedia-owl=http://dbpedia.org/ontology/, geo=http://www.w3.org/2003/01/geo/wgs84_pos#, foaf=http://xmlns.com/foaf/0.1/, umbel-sc=http://umbel.org/umbel/sc/, owl=http://www.w3.org/2002/07/owl#, dbpedia=http://dbpedia.org/ontology/, wgs84=http://www.w3.org/2003/01/geo/wgs84_pos#, rdf=http://www.w3.org/1999/02/22-rdf-syntax-ns#, linkedgeodata=http://linkedgeodata.org/triplify/}
Endpoint: http://dbpedia.org/sparql/
Graph: null
Restrictions: [?a rdf:type dbpedia-owl:City]
Properties: [rdfs:label, wgs84:lat, wgs84:long]
Functions: {rdfs:label={rdfs:label=lowercase}, wgs84:lat={wgs84:lat=number}, wgs84:long={wgs84:long=number}}
Page size: 1000
Type: sparql

13:55:15,245 INFO  ConfigReader: Target = ID: linkedgeodata
Var: ?b
Prefixes: {lgdp=http://linkedgeodata.org/property/, lgdo=http://linkedgeodata.org/ontology/, rdfs=http://www.w3.org/2000/01/rdf-schema#, dbpedia-owl=http://dbpedia.org/ontology/, geo=http://www.w3.org/2003/01/geo/wgs84_pos#, foaf=http://xmlns.com/foaf/0.1/, umbel-sc=http://umbel.org/umbel/sc/, owl=http://www.w3.org/2002/07/owl#, dbpedia=http://dbpedia.org/ontology/, wgs84=http://www.w3.org/2003/01/geo/wgs84_pos#, rdf=http://www.w3.org/1999/02/22-rdf-syntax-ns#, linkedgeodata=http://linkedgeodata.org/triplify/}
Endpoint: http://linkedgeodata.org/sparql/
Graph: null
Restrictions: [?b rdf:type lgdo:City]
Properties: [rdfs:label, wgs84:lat, wgs84:long]
Functions: {rdfs:label={rdfs:label=lowercase}, wgs84:lat={wgs84:lat=number}, wgs84:long={wgs84:long=number}}
Page size: 1000
Type: sparql

13:55:15,246 INFO  PPJoinController: ID: dbpedia
Var: ?a
Prefixes: {lgdp=http://linkedgeodata.org/property/, lgdo=http://linkedgeodata.org/ontology/, rdfs=http://www.w3.org/2000/01/rdf-schema#, dbpedia-owl=http://dbpedia.org/ontology/, geo=http://www.w3.org/2003/01/geo/wgs84_pos#, foaf=http://xmlns.com/foaf/0.1/, umbel-sc=http://umbel.org/umbel/sc/, owl=http://www.w3.org/2002/07/owl#, dbpedia=http://dbpedia.org/ontology/, wgs84=http://www.w3.org/2003/01/geo/wgs84_pos#, rdf=http://www.w3.org/1999/02/22-rdf-syntax-ns#, linkedgeodata=http://linkedgeodata.org/triplify/}
Endpoint: http://dbpedia.org/sparql/
Graph: null
Restrictions: [?a rdf:type dbpedia-owl:City]
Properties: [rdfs:label, wgs84:lat, wgs84:long]
Functions: {rdfs:label={rdfs:label=lowercase}, wgs84:lat={wgs84:lat=number}, wgs84:long={wgs84:long=number}}
Page size: 1000
Type: sparql

13:55:15,247 INFO  PPJoinController: ID: linkedgeodata
Var: ?b
Prefixes: {lgdp=http://linkedgeodata.org/property/, lgdo=http://linkedgeodata.org/ontology/, rdfs=http://www.w3.org/2000/01/rdf-schema#, dbpedia-owl=http://dbpedia.org/ontology/, geo=http://www.w3.org/2003/01/geo/wgs84_pos#, foaf=http://xmlns.com/foaf/0.1/, umbel-sc=http://umbel.org/umbel/sc/, owl=http://www.w3.org/2002/07/owl#, dbpedia=http://dbpedia.org/ontology/, wgs84=http://www.w3.org/2003/01/geo/wgs84_pos#, rdf=http://www.w3.org/1999/02/22-rdf-syntax-ns#, linkedgeodata=http://linkedgeodata.org/triplify/}
Endpoint: http://linkedgeodata.org/sparql/
Graph: null
Restrictions: [?b rdf:type lgdo:City]
Properties: [rdfs:label, wgs84:lat, wgs84:long]
Functions: {rdfs:label={rdfs:label=lowercase}, wgs84:lat={wgs84:lat=number}, wgs84:long={wgs84:long=number}}
Page size: 1000
Type: sparql

13:55:15,248 INFO  PPJoinController: Loading source data ...
13:55:15,249 INFO  HybridCache: No cached data found for dbpedia
13:55:15,292 INFO  QueryModuleFactory: Generating <sparql> reader
13:55:15,293 INFO  SparqlQueryModule: Properties are [rdfs:label, wgs84:lat, wgs84:long]
13:55:15,293 INFO  SparqlQueryModule: Query issued is 
PREFIX lgdp: <http://linkedgeodata.org/property/>
PREFIX lgdo: <http://linkedgeodata.org/ontology/>
PREFIX rdfs: <http://www.w3.org/2000/01/rdf-schema#>
PREFIX dbpedia-owl: <http://dbpedia.org/ontology/>
PREFIX geo: <http://www.w3.org/2003/01/geo/wgs84_pos#>
PREFIX foaf: <http://xmlns.com/foaf/0.1/>
PREFIX umbel-sc: <http://umbel.org/umbel/sc/>
PREFIX owl: <http://www.w3.org/2002/07/owl#>
PREFIX dbpedia: <http://dbpedia.org/ontology/>
PREFIX wgs84: <http://www.w3.org/2003/01/geo/wgs84_pos#>
PREFIX rdf: <http://www.w3.org/1999/02/22-rdf-syntax-ns#>
PREFIX linkedgeodata: <http://linkedgeodata.org/triplify/>
SELECT DISTINCT ?a ?v0 ?v1 ?v2
WHERE {
?a rdf:type dbpedia-owl:City .
?a rdfs:label ?v0 .
?a wgs84:lat ?v1 .
?a wgs84:long ?v2 .
}
13:55:15,294 INFO  SparqlQueryModule: Querying the endpoint.
13:55:15,294 INFO  SparqlQueryModule: Getting statements 0 to 1000
13:55:20,007 INFO  SparqlQueryModule: Getting statements 1000 to 2000
13:55:24,570 INFO  SparqlQueryModule: Getting statements 2000 to 3000
13:55:29,083 INFO  SparqlQueryModule: Getting statements 3000 to 4000
13:55:34,276 INFO  SparqlQueryModule: Getting statements 4000 to 5000
13:55:38,269 INFO  SparqlQueryModule: Getting statements 5000 to 6000
13:55:42,464 INFO  SparqlQueryModule: Getting statements 6000 to 7000
13:55:47,386 INFO  SparqlQueryModule: Getting statements 7000 to 8000
13:55:50,375 INFO  SparqlQueryModule: Getting statements 8000 to 9000
13:55:52,465 INFO  SparqlQueryModule: Getting statements 9000 to 10000
13:55:54,469 INFO  SparqlQueryModule: Getting statements 10000 to 11000
13:55:56,100 INFO  SparqlQueryModule: Getting statements 11000 to 12000
13:55:57,799 INFO  SparqlQueryModule: Getting statements 12000 to 13000
13:56:00,277 INFO  SparqlQueryModule: Getting statements 13000 to 14000
13:56:02,862 INFO  SparqlQueryModule: Getting statements 14000 to 15000
13:56:05,145 INFO  SparqlQueryModule: Getting statements 15000 to 16000
13:56:06,501 INFO  SparqlQueryModule: Getting statements 16000 to 17000
13:56:08,406 INFO  SparqlQueryModule: Getting statements 17000 to 18000
13:56:11,251 INFO  SparqlQueryModule: Getting statements 18000 to 19000
13:56:13,082 INFO  SparqlQueryModule: Getting statements 19000 to 20000
13:56:14,564 INFO  SparqlQueryModule: Getting statements 20000 to 21000
13:56:16,483 INFO  SparqlQueryModule: Getting statements 21000 to 22000
13:56:18,570 INFO  SparqlQueryModule: Getting statements 22000 to 23000
13:56:20,378 INFO  SparqlQueryModule: Getting statements 23000 to 24000
13:56:22,538 INFO  SparqlQueryModule: Getting statements 24000 to 25000
13:56:24,383 INFO  SparqlQueryModule: Getting statements 25000 to 26000
13:56:26,263 INFO  SparqlQueryModule: Getting statements 26000 to 27000
13:56:28,343 INFO  SparqlQueryModule: Getting statements 27000 to 28000
13:56:29,539 INFO  SparqlQueryModule: Getting statements 28000 to 29000
13:56:30,744 INFO  SparqlQueryModule: Getting statements 29000 to 30000
13:56:32,128 INFO  SparqlQueryModule: Getting statements 30000 to 31000
13:56:33,534 INFO  SparqlQueryModule: Getting statements 31000 to 32000
13:56:35,296 INFO  SparqlQueryModule: Getting statements 32000 to 33000
13:56:37,215 INFO  SparqlQueryModule: Getting statements 33000 to 34000
13:56:39,891 INFO  SparqlQueryModule: Getting statements 34000 to 35000
13:56:41,589 INFO  SparqlQueryModule: Getting statements 35000 to 36000
13:56:43,868 INFO  SparqlQueryModule: Getting statements 36000 to 37000
13:56:45,381 INFO  SparqlQueryModule: Getting statements 37000 to 38000
13:56:46,649 INFO  SparqlQueryModule: Getting statements 38000 to 39000
13:56:47,813 INFO  SparqlQueryModule: Getting statements 39000 to 40000
13:56:49,456 INFO  SparqlQueryModule: Getting statements 40000 to 41000
13:56:50,879 INFO  SparqlQueryModule: Getting statements 41000 to 42000
13:56:51,900 INFO  SparqlQueryModule: Getting statements 42000 to 43000
13:56:52,918 INFO  SparqlQueryModule: Getting statements 43000 to 44000
13:56:53,788 INFO  SparqlQueryModule: Getting statements 44000 to 45000
13:56:54,775 INFO  SparqlQueryModule: Getting statements 45000 to 46000
13:56:56,080 INFO  SparqlQueryModule: Getting statements 46000 to 47000
13:56:57,119 INFO  SparqlQueryModule: Getting statements 47000 to 48000
13:56:58,153 INFO  SparqlQueryModule: Getting statements 48000 to 49000
13:56:59,021 INFO  SparqlQueryModule: Getting statements 49000 to 50000
13:56:59,678 INFO  SparqlQueryModule: Getting statements 50000 to 51000
13:57:00,161 INFO  SparqlQueryModule: Retrieved 49673 triples and 13224 entities.
13:57:00,164 INFO  SparqlQueryModule: Retrieving statements took 104.869 seconds.
13:57:00,165 INFO  HybridCache: Serializing 13224 objects to /home/mofeed/Projects/GeoLift/GeoLift21082013/cache/-1844011622.ser
13:57:01,066 INFO  PPJoinController: Loading target data ...
13:57:01,067 INFO  HybridCache: No cached data found for linkedgeodata
13:57:01,067 INFO  QueryModuleFactory: Generating <sparql> reader
13:57:01,067 INFO  SparqlQueryModule: Properties are [rdfs:label, wgs84:lat, wgs84:long]
13:57:01,067 INFO  SparqlQueryModule: Query issued is 
PREFIX lgdp: <http://linkedgeodata.org/property/>
PREFIX lgdo: <http://linkedgeodata.org/ontology/>
PREFIX rdfs: <http://www.w3.org/2000/01/rdf-schema#>
PREFIX dbpedia-owl: <http://dbpedia.org/ontology/>
PREFIX geo: <http://www.w3.org/2003/01/geo/wgs84_pos#>
PREFIX foaf: <http://xmlns.com/foaf/0.1/>
PREFIX umbel-sc: <http://umbel.org/umbel/sc/>
PREFIX owl: <http://www.w3.org/2002/07/owl#>
PREFIX dbpedia: <http://dbpedia.org/ontology/>
PREFIX wgs84: <http://www.w3.org/2003/01/geo/wgs84_pos#>
PREFIX rdf: <http://www.w3.org/1999/02/22-rdf-syntax-ns#>
PREFIX linkedgeodata: <http://linkedgeodata.org/triplify/>
SELECT DISTINCT ?b ?v0 ?v1 ?v2
WHERE {
?b rdf:type lgdo:City .
?b rdfs:label ?v0 .
?b wgs84:lat ?v1 .
?b wgs84:long ?v2 .
}
13:57:01,067 INFO  SparqlQueryModule: Querying the endpoint.
13:57:01,068 INFO  SparqlQueryModule: Getting statements 0 to 1000
13:57:01,801 INFO  SparqlQueryModule: Getting statements 1000 to 2000
13:57:02,097 INFO  SparqlQueryModule: Getting statements 2000 to 3000
13:57:02,359 INFO  SparqlQueryModule: Getting statements 3000 to 4000
13:57:02,603 INFO  SparqlQueryModule: Getting statements 4000 to 5000
13:57:02,924 INFO  SparqlQueryModule: Getting statements 5000 to 6000
13:57:03,167 INFO  SparqlQueryModule: Getting statements 6000 to 7000
13:57:03,417 INFO  SparqlQueryModule: Getting statements 7000 to 8000
13:57:03,668 INFO  SparqlQueryModule: Getting statements 8000 to 9000
13:57:03,901 INFO  SparqlQueryModule: Getting statements 9000 to 10000
13:57:04,199 INFO  SparqlQueryModule: Getting statements 10000 to 11000
13:57:04,506 INFO  SparqlQueryModule: Getting statements 11000 to 12000
13:57:04,744 INFO  SparqlQueryModule: Getting statements 12000 to 13000
13:57:04,984 INFO  SparqlQueryModule: Getting statements 13000 to 14000
13:57:05,218 INFO  SparqlQueryModule: Getting statements 14000 to 15000
13:57:05,537 INFO  SparqlQueryModule: Getting statements 15000 to 16000
13:57:05,784 INFO  SparqlQueryModule: Getting statements 16000 to 17000
13:57:06,027 INFO  SparqlQueryModule: Getting statements 17000 to 18000
13:57:06,268 INFO  SparqlQueryModule: Getting statements 18000 to 19000
13:57:06,516 INFO  SparqlQueryModule: Getting statements 19000 to 20000
13:57:06,754 INFO  SparqlQueryModule: Getting statements 20000 to 21000
13:57:07,031 INFO  SparqlQueryModule: Getting statements 21000 to 22000
13:57:07,301 INFO  SparqlQueryModule: Getting statements 22000 to 23000
13:57:07,547 INFO  SparqlQueryModule: Getting statements 23000 to 24000
13:57:07,802 INFO  SparqlQueryModule: Getting statements 24000 to 25000
13:57:08,296 INFO  SparqlQueryModule: Getting statements 25000 to 26000
13:57:08,629 INFO  SparqlQueryModule: Getting statements 26000 to 27000
13:57:08,880 INFO  SparqlQueryModule: Getting statements 27000 to 28000
13:57:09,142 INFO  SparqlQueryModule: Getting statements 28000 to 29000
13:57:09,412 INFO  SparqlQueryModule: Getting statements 29000 to 30000
13:57:09,650 INFO  SparqlQueryModule: Getting statements 30000 to 31000
13:57:09,899 INFO  SparqlQueryModule: Getting statements 31000 to 32000
13:57:10,228 INFO  SparqlQueryModule: Getting statements 32000 to 33000
13:57:10,364 INFO  SparqlQueryModule: Getting statements 33000 to 34000
13:57:10,461 INFO  SparqlQueryModule: Retrieved 32226 triples and 6708 entities.
13:57:10,461 INFO  SparqlQueryModule: Retrieving statements took 9.394 seconds.
13:57:10,462 INFO  HybridCache: Serializing 6708 objects to /home/mofeed/Projects/GeoLift/GeoLift21082013/cache/-2065136877.ser
13:57:10,820 INFO  PPJoinController: Getting links ...
13:57:12,303 INFO  PPJoinController: Got links in 1483ms.
13:57:12,304 INFO  SerializerFactory: Getting serializer with name NT
13:57:12,305 INFO  PPJoinController: Using N3Serializer to serialize
13:57:12,306 INFO  PPJoinController: Returned 1510 links above acceptance threshold.
13:57:12,307 INFO  PPJoinController: Returned 219 links to review.
13:57:12,314 INFO  PPJoinController: Mapping carried out in 117.09 seconds
13:57:12,314 INFO  PPJoinController: Done.
