\BOOKMARK [1][-]{section.1}{Introduction}{}
\BOOKMARK [1][-]{section.2}{Assumptions}{}
\BOOKMARK [1][-]{section.3}{Technical Approach}{}
\BOOKMARK [2][-]{subsection.3.1}{Architecture}{section.3}
\BOOKMARK [2][-]{subsection.3.2}{Using Dereferencing}{section.3}
\BOOKMARK [2][-]{subsection.3.3}{Using Linking}{section.3}
\BOOKMARK [2][-]{subsection.3.4}{Using Named Entity Recognition}{section.3}
\BOOKMARK [1][-]{section.4}{Developers' Manual}{}
\BOOKMARK [2][-]{subsection.4.1}{GeoLift packages}{section.4}
\BOOKMARK [2][-]{subsection.4.2}{GeoLift Modules}{section.4}
\BOOKMARK [3][-]{subsubsection.4.2.1}{Dereferencing Module}{subsection.4.2}
\BOOKMARK [3][-]{subsubsection.4.2.2}{Input}{subsection.4.2}
\BOOKMARK [3][-]{subsubsection.4.2.3}{Output}{subsection.4.2}
\BOOKMARK [3][-]{subsubsection.4.2.4}{Process}{subsection.4.2}
\BOOKMARK [3][-]{subsubsection.4.2.5}{Code Sample}{subsection.4.2}
\BOOKMARK [3][-]{subsubsection.4.2.6}{Linking Module}{subsection.4.2}
\BOOKMARK [3][-]{subsubsection.4.2.7}{Input}{subsection.4.2}
\BOOKMARK [3][-]{subsubsection.4.2.8}{Process}{subsection.4.2}
\BOOKMARK [3][-]{subsubsection.4.2.9}{Code Sample}{subsection.4.2}
\BOOKMARK [3][-]{subsubsection.4.2.10}{NLP Module}{subsection.4.2}
\BOOKMARK [3][-]{subsubsection.4.2.11}{Input}{subsection.4.2}
\BOOKMARK [3][-]{subsubsection.4.2.12}{Output}{subsection.4.2}
\BOOKMARK [3][-]{subsubsection.4.2.13}{Process}{subsection.4.2}
\BOOKMARK [3][-]{subsubsection.4.2.14}{Code Sample}{subsection.4.2}
\BOOKMARK [3][-]{subsubsection.4.2.15}{Conformation Module}{subsection.4.2}
\BOOKMARK [3][-]{subsubsection.4.2.16}{Filter Module}{subsection.4.2}
\BOOKMARK [2][-]{subsection.4.3}{GeoLift Operators}{section.4}
\BOOKMARK [3][-]{subsubsection.4.3.1}{Split Operator}{subsection.4.3}
\BOOKMARK [3][-]{subsubsection.4.3.2}{Merge Operator}{subsection.4.3}
\BOOKMARK [2][-]{subsection.4.4}{Conformation Module}{section.4}
\BOOKMARK [2][-]{subsection.4.5}{Filter Module}{section.4}
\BOOKMARK [1][-]{section.5}{GeoLift RDF Specification Paradigm}{}
\BOOKMARK [2][-]{subsection.5.1}{GeoLift Execution Workflow}{section.5}
\BOOKMARK [3][-]{subsubsection.5.1.1}{RDF Specification Resources}{subsection.5.1}
\BOOKMARK [1][-]{section.6}{GeoLift}{}
\BOOKMARK [2][-]{subsection.6.1}{Introduction}{section.6}
\BOOKMARK [2][-]{subsection.6.2}{GeoLift Components}{section.6}
\BOOKMARK [1][-]{section.7}{Running GeoLift From Command-Line }{}
\BOOKMARK [1][-]{section.8}{Conclusions}{}
